This is pdfTeX, Version 3.14159265-2.6-1.40.20 (TeX Live 2019/Arch Linux) (preloaded format=pdflatex 2020.3.17)  9 AUG 2020 14:47
entering extended mode
 restricted \write18 enabled.
 %&-line parsing enabled.
**pcf_conf_paper.tex
(./pcf_conf_paper.tex
LaTeX2e <2019-10-01> patch level 1
(/usr/share/texmf-dist/tex/latex/base/article.cls
Document Class: article 2019/08/27 v1.4j Standard LaTeX document class
(/usr/share/texmf-dist/tex/latex/base/size10.clo
File: size10.clo 2019/08/27 v1.4j Standard LaTeX file (size option)
)
\c@part=\count80
\c@section=\count81
\c@subsection=\count82
\c@subsubsection=\count83
\c@paragraph=\count84
\c@subparagraph=\count85
\c@figure=\count86
\c@table=\count87
\abovecaptionskip=\skip41
\belowcaptionskip=\skip42
\bibindent=\dimen102
) (./body/01preamble.tex
(/usr/share/texmf-dist/tex/latex/graphics/graphicx.sty
Package: graphicx 2017/06/01 v1.1a Enhanced LaTeX Graphics (DPC,SPQR)

(/usr/share/texmf-dist/tex/latex/graphics/keyval.sty
Package: keyval 2014/10/28 v1.15 key=value parser (DPC)
\KV@toks@=\toks14
)
(/usr/share/texmf-dist/tex/latex/graphics/graphics.sty
Package: graphics 2019/10/08 v1.3c Standard LaTeX Graphics (DPC,SPQR)

(/usr/share/texmf-dist/tex/latex/graphics/trig.sty
Package: trig 2016/01/03 v1.10 sin cos tan (DPC)
)
(/usr/share/texmf-dist/tex/latex/graphics-cfg/graphics.cfg
File: graphics.cfg 2016/06/04 v1.11 sample graphics configuration
)
Package graphics Info: Driver file: pdftex.def on input line 105.

(/usr/share/texmf-dist/tex/latex/graphics-def/pdftex.def
File: pdftex.def 2018/01/08 v1.0l Graphics/color driver for pdftex
))
\Gin@req@height=\dimen103
\Gin@req@width=\dimen104
)
(/usr/share/texmf-dist/tex/latex/base/inputenc.sty
Package: inputenc 2018/08/11 v1.3c Input encoding file
\inpenc@prehook=\toks15
\inpenc@posthook=\toks16
)
(/usr/share/texmf-dist/tex/latex/xcolor/xcolor.sty
Package: xcolor 2016/05/11 v2.12 LaTeX color extensions (UK)

(/usr/share/texmf-dist/tex/latex/graphics-cfg/color.cfg
File: color.cfg 2016/01/02 v1.6 sample color configuration
)
Package xcolor Info: Driver file: pdftex.def on input line 225.
Package xcolor Info: Model `cmy' substituted by `cmy0' on input line 1348.
Package xcolor Info: Model `hsb' substituted by `rgb' on input line 1352.
Package xcolor Info: Model `RGB' extended on input line 1364.
Package xcolor Info: Model `HTML' substituted by `rgb' on input line 1366.
Package xcolor Info: Model `Hsb' substituted by `hsb' on input line 1367.
Package xcolor Info: Model `tHsb' substituted by `hsb' on input line 1368.
Package xcolor Info: Model `HSB' substituted by `hsb' on input line 1369.
Package xcolor Info: Model `Gray' substituted by `gray' on input line 1370.
Package xcolor Info: Model `wave' substituted by `hsb' on input line 1371.
)
(/usr/share/texmf-dist/tex/latex/blindtext/blindtext.sty
Package: blindtext 2012/01/06 V2.0 blindtext-Package

(/usr/share/texmf-dist/tex/latex/tools/xspace.sty
Package: xspace 2014/10/28 v1.13 Space after command names (DPC,MH)
)
\c@blindtext=\count88
\c@Blindtext=\count89
\c@blind@countparstart=\count90
\blind@countxx=\count91
\blindtext@numBlindtext=\count92
\blind@countyy=\count93
\c@blindlist=\count94
\c@blindlistlevel=\count95
\c@blindlist@level=\count96
\blind@listitem=\count97
\c@blind@listcount=\count98
\c@blind@levelcount=\count99
\blind@mathformula=\count100
\blind@Mathformula=\count101
\c@blind@randomcount=\count102
\c@blind@randommax=\count103
\c@blind@pangramcount=\count104
\c@blind@pangrammax=\count105
)
(/usr/share/texmf-dist/tex/latex/booktabs/booktabs.sty
Package: booktabs 2019/10/08 v1.6180339 publication quality tables
\heavyrulewidth=\dimen105
\lightrulewidth=\dimen106
\cmidrulewidth=\dimen107
\belowrulesep=\dimen108
\belowbottomsep=\dimen109
\aboverulesep=\dimen110
\abovetopsep=\dimen111
\cmidrulesep=\dimen112
\cmidrulekern=\dimen113
\defaultaddspace=\dimen114
\@cmidla=\count106
\@cmidlb=\count107
\@aboverulesep=\dimen115
\@belowrulesep=\dimen116
\@thisruleclass=\count108
\@lastruleclass=\count109
\@thisrulewidth=\dimen117
)
(/usr/share/texmf-dist/tex/latex/tools/array.sty
Package: array 2019/08/31 v2.4l Tabular extension package (FMi)
\col@sep=\dimen118
\ar@mcellbox=\box27
\extrarowheight=\dimen119
\NC@list=\toks17
\extratabsurround=\skip43
\backup@length=\skip44
\ar@cellbox=\box28
)
(/usr/share/texmf-dist/tex/latex/graphics/lscape.sty
Package: lscape 2000/10/22 v3.01 Landscape Pages (DPC)
)
(/usr/share/texmf-dist/tex/latex/mdwtools/mdwlist.sty
Package: mdwlist 1996/05/02 1.1 Various list-related things
)
(/usr/share/texmf-dist/tex/latex/multirow/multirow.sty
Package: multirow 2019/05/31 v2.5 Span multiple rows of a table
\multirow@colwidth=\skip45
\multirow@cntb=\count110
\multirow@dima=\skip46
\bigstrutjot=\dimen120
)
(/usr/share/texmf-dist/tex/latex/tools/multicol.sty
Package: multicol 2019/03/01 v1.8w multicolumn formatting (FMi)
\c@tracingmulticols=\count111
\mult@box=\box29
\multicol@leftmargin=\dimen121
\c@unbalance=\count112
\c@collectmore=\count113
\doublecol@number=\count114
\multicoltolerance=\count115
\multicolpretolerance=\count116
\full@width=\dimen122
\page@free=\dimen123
\premulticols=\dimen124
\postmulticols=\dimen125
\multicolsep=\skip47
\multicolbaselineskip=\skip48
\partial@page=\box30
\last@line=\box31
\maxbalancingoverflow=\dimen126
\mult@rightbox=\box32
\mult@grightbox=\box33
\mult@gfirstbox=\box34
\mult@firstbox=\box35
\@tempa=\box36
\@tempa=\box37
\@tempa=\box38
\@tempa=\box39
\@tempa=\box40
\@tempa=\box41
\@tempa=\box42
\@tempa=\box43
\@tempa=\box44
\@tempa=\box45
\@tempa=\box46
\@tempa=\box47
\@tempa=\box48
\@tempa=\box49
\@tempa=\box50
\@tempa=\box51
\@tempa=\box52
\c@minrows=\count117
\c@columnbadness=\count118
\c@finalcolumnbadness=\count119
\last@try=\dimen127
\multicolovershoot=\dimen128
\multicolundershoot=\dimen129
\mult@nat@firstbox=\box53
\colbreak@box=\box54
\mc@col@check@num=\count120
)
(/usr/share/texmf-dist/tex/latex/oberdiek/epstopdf.sty
Package: epstopdf 2016/05/15 v2.6 Conversion with epstopdf on the fly (HO)

(/usr/share/texmf-dist/tex/latex/oberdiek/epstopdf-base.sty
Package: epstopdf-base 2016/05/15 v2.6 Base part for package epstopdf

(/usr/share/texmf-dist/tex/generic/oberdiek/infwarerr.sty
Package: infwarerr 2016/05/16 v1.4 Providing info/warning/error messages (HO)
)
(/usr/share/texmf-dist/tex/latex/oberdiek/grfext.sty
Package: grfext 2016/05/16 v1.2 Manage graphics extensions (HO)

(/usr/share/texmf-dist/tex/generic/oberdiek/kvdefinekeys.sty
Package: kvdefinekeys 2016/05/16 v1.4 Define keys (HO)

(/usr/share/texmf-dist/tex/generic/oberdiek/ltxcmds.sty
Package: ltxcmds 2016/05/16 v1.23 LaTeX kernel commands for general use (HO)
)))
(/usr/share/texmf-dist/tex/latex/oberdiek/kvoptions.sty
Package: kvoptions 2016/05/16 v3.12 Key value format for package options (HO)

(/usr/share/texmf-dist/tex/generic/oberdiek/kvsetkeys.sty
Package: kvsetkeys 2016/05/16 v1.17 Key value parser (HO)

(/usr/share/texmf-dist/tex/generic/oberdiek/etexcmds.sty
Package: etexcmds 2016/05/16 v1.6 Avoid name clashes with e-TeX commands (HO)

(/usr/share/texmf-dist/tex/generic/oberdiek/ifluatex.sty
Package: ifluatex 2016/05/16 v1.4 Provides the ifluatex switch (HO)
Package ifluatex Info: LuaTeX not detected.
))))
(/usr/share/texmf-dist/tex/generic/oberdiek/pdftexcmds.sty
Package: pdftexcmds 2019/07/25 v0.30 Utility functions of pdfTeX for LuaTeX (HO
)

(/usr/share/texmf-dist/tex/generic/oberdiek/ifpdf.sty
Package: ifpdf 2018/09/07 v3.3 Provides the ifpdf switch
)
Package pdftexcmds Info: LuaTeX not detected.
Package pdftexcmds Info: \pdf@primitive is available.
Package pdftexcmds Info: \pdf@ifprimitive is available.
Package pdftexcmds Info: \pdfdraftmode found.
)
Package epstopdf-base Info: Redefining graphics rule for `.eps' on input line 4
38.
Package grfext Info: Graphics extension search list:
(grfext)             [.pdf,.png,.jpg,.mps,.jpeg,.jbig2,.jb2,.PDF,.PNG,.JPG,.JPE
G,.JBIG2,.JB2,.eps]
(grfext)             \AppendGraphicsExtensions on input line 456.

(/usr/share/texmf-dist/tex/latex/latexconfig/epstopdf-sys.cfg
File: epstopdf-sys.cfg 2010/07/13 v1.3 Configuration of (r)epstopdf for TeX Liv
e
)))
(/usr/share/texmf-dist/tex/latex/amsmath/amsmath.sty
Package: amsmath 2019/04/01 v2.17c AMS math features
\@mathmargin=\skip49

For additional information on amsmath, use the `?' option.
(/usr/share/texmf-dist/tex/latex/amsmath/amstext.sty
Package: amstext 2000/06/29 v2.01 AMS text

(/usr/share/texmf-dist/tex/latex/amsmath/amsgen.sty
File: amsgen.sty 1999/11/30 v2.0 generic functions
\@emptytoks=\toks18
\ex@=\dimen130
))
(/usr/share/texmf-dist/tex/latex/amsmath/amsbsy.sty
Package: amsbsy 1999/11/29 v1.2d Bold Symbols
\pmbraise@=\dimen131
)
(/usr/share/texmf-dist/tex/latex/amsmath/amsopn.sty
Package: amsopn 2016/03/08 v2.02 operator names
)
\inf@bad=\count121
LaTeX Info: Redefining \frac on input line 227.
\uproot@=\count122
\leftroot@=\count123
LaTeX Info: Redefining \overline on input line 389.
\classnum@=\count124
\DOTSCASE@=\count125
LaTeX Info: Redefining \ldots on input line 486.
LaTeX Info: Redefining \dots on input line 489.
LaTeX Info: Redefining \cdots on input line 610.
\Mathstrutbox@=\box55
\strutbox@=\box56
\big@size=\dimen132
LaTeX Font Info:    Redeclaring font encoding OML on input line 733.
LaTeX Font Info:    Redeclaring font encoding OMS on input line 734.
\macc@depth=\count126
\c@MaxMatrixCols=\count127
\dotsspace@=\muskip10
\c@parentequation=\count128
\dspbrk@lvl=\count129
\tag@help=\toks19
\row@=\count130
\column@=\count131
\maxfields@=\count132
\andhelp@=\toks20
\eqnshift@=\dimen133
\alignsep@=\dimen134
\tagshift@=\dimen135
\tagwidth@=\dimen136
\totwidth@=\dimen137
\lineht@=\dimen138
\@envbody=\toks21
\multlinegap=\skip50
\multlinetaggap=\skip51
\mathdisplay@stack=\toks22
LaTeX Info: Redefining \[ on input line 2855.
LaTeX Info: Redefining \] on input line 2856.
)
(/usr/share/texmf-dist/tex/latex/esint/esint.sty
Package: esint 
\symlargesymbolsA=\mathgroup4
)
(/usr/share/texmf-dist/tex/latex/ccaption/ccaption.sty
Package: ccaption 2011/08/07 v3.2c Extended captioning and new floats
\@contcwidth=\skip52
\@contindw=\skip53
\abovelegendskip=\skip54
\belowlegendskip=\skip55
\c@newflo@tctr=\count133
)
(/usr/share/texmf-dist/tex/latex/eulervm/eulervm.sty
Package: eulervm 2005/01/11 v4.0 (WaS)
)
(/usr/share/texmf-dist/tex/latex/hyperref/hyperref.sty
Package: hyperref 2019/09/28 v7.00a Hypertext links for LaTeX

(/usr/share/texmf-dist/tex/generic/oberdiek/hobsub-hyperref.sty
Package: hobsub-hyperref 2016/05/16 v1.14 Bundle oberdiek, subset hyperref (HO)


(/usr/share/texmf-dist/tex/generic/oberdiek/hobsub-generic.sty
Package: hobsub-generic 2016/05/16 v1.14 Bundle oberdiek, subset generic (HO)
Package: hobsub 2016/05/16 v1.14 Construct package bundles (HO)
Package hobsub Info: Skipping package `infwarerr' (already loaded).
Package hobsub Info: Skipping package `ltxcmds' (already loaded).
Package hobsub Info: Skipping package `ifluatex' (already loaded).
Package: ifvtex 2016/05/16 v1.6 Detect VTeX and its facilities (HO)
Package ifvtex Info: VTeX not detected.
Package: intcalc 2016/05/16 v1.2 Expandable calculations with integers (HO)
Package hobsub Info: Skipping package `ifpdf' (already loaded).
Package hobsub Info: Skipping package `etexcmds' (already loaded).
Package hobsub Info: Skipping package `kvsetkeys' (already loaded).
Package hobsub Info: Skipping package `kvdefinekeys' (already loaded).
Package hobsub Info: Skipping package `pdftexcmds' (already loaded).
Package: pdfescape 2016/05/16 v1.14 Implements pdfTeX's escape features (HO)
Package: bigintcalc 2016/05/16 v1.4 Expandable calculations on big integers (HO
)
Package: bitset 2016/05/16 v1.2 Handle bit-vector datatype (HO)
Package: uniquecounter 2016/05/16 v1.3 Provide unlimited unique counter (HO)
)
Package hobsub Info: Skipping package `hobsub' (already loaded).
Package: letltxmacro 2016/05/16 v1.5 Let assignment for LaTeX macros (HO)
Package: hopatch 2016/05/16 v1.3 Wrapper for package hooks (HO)
Package: xcolor-patch 2016/05/16 xcolor patch
Package: atveryend 2016/05/16 v1.9 Hooks at the very end of document (HO)
Package atveryend Info: \enddocument detected (standard20110627).
Package: atbegshi 2016/06/09 v1.18 At begin shipout hook (HO)
Package: refcount 2016/05/16 v3.5 Data extraction from label references (HO)
Package: hycolor 2016/05/16 v1.8 Color options for hyperref/bookmark (HO)
)
(/usr/share/texmf-dist/tex/generic/ifxetex/ifxetex.sty
Package: ifxetex 2010/09/12 v0.6 Provides ifxetex conditional
)
(/usr/share/texmf-dist/tex/latex/oberdiek/auxhook.sty
Package: auxhook 2016/05/16 v1.4 Hooks for auxiliary files (HO)
)
\@linkdim=\dimen139
\Hy@linkcounter=\count134
\Hy@pagecounter=\count135

(/usr/share/texmf-dist/tex/latex/hyperref/pd1enc.def
File: pd1enc.def 2019/09/28 v7.00a Hyperref: PDFDocEncoding definition (HO)
Now handling font encoding PD1 ...
... no UTF-8 mapping file for font encoding PD1
)
\Hy@SavedSpaceFactor=\count136

(/usr/share/texmf-dist/tex/latex/latexconfig/hyperref.cfg
File: hyperref.cfg 2002/06/06 v1.2 hyperref configuration of TeXLive
)
Package hyperref Info: Option `bookmarks' set `true' on input line 4414.
Package hyperref Info: Option `bookmarksnumbered' set `true' on input line 4414
.
Package hyperref Info: Option `colorlinks' set `true' on input line 4414.
Package hyperref Info: Hyper figures OFF on input line 4540.
Package hyperref Info: Link nesting OFF on input line 4545.
Package hyperref Info: Hyper index ON on input line 4548.
Package hyperref Info: Plain pages OFF on input line 4555.
Package hyperref Info: Backreferencing OFF on input line 4560.
Package hyperref Info: Implicit mode ON; LaTeX internals redefined.
Package hyperref Info: Bookmarks ON on input line 4793.
\c@Hy@tempcnt=\count137

(/usr/share/texmf-dist/tex/latex/url/url.sty
\Urlmuskip=\muskip11
Package: url 2013/09/16  ver 3.4  Verb mode for urls, etc.
)
LaTeX Info: Redefining \url on input line 5152.
\XeTeXLinkMargin=\dimen140
\Fld@menulength=\count138
\Field@Width=\dimen141
\Fld@charsize=\dimen142
Package hyperref Info: Hyper figures OFF on input line 6423.
Package hyperref Info: Link nesting OFF on input line 6428.
Package hyperref Info: Hyper index ON on input line 6431.
Package hyperref Info: backreferencing OFF on input line 6438.
Package hyperref Info: Link coloring ON on input line 6441.
Package hyperref Info: Link coloring with OCG OFF on input line 6448.
Package hyperref Info: PDF/A mode OFF on input line 6453.
LaTeX Info: Redefining \ref on input line 6493.
LaTeX Info: Redefining \pageref on input line 6497.
\Hy@abspage=\count139
\c@Item=\count140
\c@Hfootnote=\count141
)
Package hyperref Info: Driver: hpdftex.

(/usr/share/texmf-dist/tex/latex/hyperref/hpdftex.def
File: hpdftex.def 2019/09/28 v7.00a Hyperref driver for pdfTeX
\Fld@listcount=\count142
\c@bookmark@seq@number=\count143

(/usr/share/texmf-dist/tex/latex/oberdiek/rerunfilecheck.sty
Package: rerunfilecheck 2016/05/16 v1.8 Rerun checks for auxiliary files (HO)
Package uniquecounter Info: New unique counter `rerunfilecheck' on input line 2
82.
)
\Hy@SectionHShift=\skip56
)
(/usr/share/texmf-dist/tex/latex/geometry/geometry.sty
Package: geometry 2018/04/16 v5.8 Page Geometry
\Gm@cnth=\count144
\Gm@cntv=\count145
\c@Gm@tempcnt=\count146
\Gm@bindingoffset=\dimen143
\Gm@wd@mp=\dimen144
\Gm@odd@mp=\dimen145
\Gm@even@mp=\dimen146
\Gm@layoutwidth=\dimen147
\Gm@layoutheight=\dimen148
\Gm@layouthoffset=\dimen149
\Gm@layoutvoffset=\dimen150
\Gm@dimlist=\toks23


Package geometry Warning: Over-specification in `v'-direction.
    `height' (967.39369pt) is ignored.

) (/usr/share/texmf-dist/tex/latex/fancyhdr/fancyhdr.sty
Package: fancyhdr 2019/01/31 v3.10 Extensive control of page headers and footer
s
\f@nch@headwidth=\skip57
\f@nch@O@elh=\skip58
\f@nch@O@erh=\skip59
\f@nch@O@olh=\skip60
\f@nch@O@orh=\skip61
\f@nch@O@elf=\skip62
\f@nch@O@erf=\skip63
\f@nch@O@olf=\skip64
\f@nch@O@orf=\skip65
)
(/usr/share/texmf-dist/tex/latex/chngcntr/chngcntr.sty
Package: chngcntr 2018/04/09 v1.1a change counter resetting
Package chngcntr Info: \counterwithout already defined.
(chngcntr)             Quitting chngcntr on input line 21.
)
(/usr/share/texmf-dist/tex/latex/caption/caption.sty
Package: caption 2019/09/01 v3.3d Customizing captions (AR)

(/usr/share/texmf-dist/tex/latex/caption/caption3.sty
Package: caption3 2019/09/01 v1.8d caption3 kernel (AR)
Package caption3 Info: TeX engine: e-TeX on input line 64.
\captionmargin=\dimen151
\captionmargin@=\dimen152
\captionwidth=\dimen153
\caption@tempdima=\dimen154
\caption@indent=\dimen155
\caption@parindent=\dimen156
\caption@hangindent=\dimen157
Package caption Info: Unknown document class (or package),
(caption)             standard defaults will be used.
)

Package caption Warning: Unsupported document class (or package) detected,
(caption)                usage of the caption package is not recommended.
See the caption package documentation for explanation.

Package caption Info: \@makecaption = \long macro:#1#2->\let \@conttempa \relax
 \ifdim \prevdepth >-99\p@ \vskip \abovecaptionskip \else \def \@conttempa {\vb
ox to\topskip {}}\fi \let \@contfnote \footnote \renewcommand {\footnote }[2][]
{} \let \@contfmark \footnotemark \renewcommand {\footnotemark }[1][]{} \let \@
contlabel \label \renewcommand {\label }[1]{} \sbox \@tempboxa {\@contnfont #1\
@contdelim \@conttfont #2} \let \footnote \@contfnote \let \footnotemark \@cont
fmark \let \label \@contlabel \ifdim \wd \@tempboxa <\linewidth \centering \fi 
\if@contcw \centering \parbox {\@contcwidth }{\fi \if@conthang \sbox \@tempboxa
 {\@contnfont #1\@contdelim } \@contpre {\@contnfont #1\@contdelim }\@conttempa
 {\@contcstyle \hangindent =\wd \@tempboxa \hangafter =\@ne \@conttfont #2\par 
} \else \if@contindent \@contpre {\@contnfont #1\@contdelim }\@conttempa {\@con
tcstyle \hangindent =\@contindw \hangafter =\@ne \@conttfont #2\par } \else \@c
ontpre {\@contnfont #1\@contdelim }\@conttempa {\@contcstyle \@conttfont #2\par
 } \fi \fi \@contpost \if@contcw \par } \fi \vskip \belowcaptionskip .
\c@caption@flags=\count147
\c@ContinuedFloat=\count148
Package caption Info: hyperref package is loaded.
) (/usr/share/texmf-dist/tex/latex/float/float.sty
Package: float 2001/11/08 v1.3d Float enhancements (AL)
\c@float@type=\count149
\float@exts=\toks24
\float@box=\box57
\@float@everytoks=\toks25
\@floatcapt=\box58
)
(/usr/share/texmf-dist/tex/latex/graphics/rotating.sty
Package: rotating 2016/08/11 v2.16d rotated objects in LaTeX

(/usr/share/texmf-dist/tex/latex/base/ifthen.sty
Package: ifthen 2014/09/29 v1.1c Standard LaTeX ifthen package (DPC)
)
\c@r@tfl@t=\count150
\rotFPtop=\skip66
\rotFPbot=\skip67
\rot@float@box=\box59
\rot@mess@toks=\toks26
)
(/usr/share/texmf-dist/tex/latex/adjustbox/adjustbox.sty
Package: adjustbox 2019/01/04 v1.2 Adjusting TeX boxes (trim, clip, ...)

(/usr/share/texmf-dist/tex/latex/xkeyval/xkeyval.sty
Package: xkeyval 2014/12/03 v2.7a package option processing (HA)

(/usr/share/texmf-dist/tex/generic/xkeyval/xkeyval.tex
(/usr/share/texmf-dist/tex/generic/xkeyval/xkvutils.tex
\XKV@toks=\toks27
\XKV@tempa@toks=\toks28
)
\XKV@depth=\count151
File: xkeyval.tex 2014/12/03 v2.7a key=value parser (HA)
))
(/usr/share/texmf-dist/tex/latex/adjustbox/adjcalc.sty
Package: adjcalc 2012/05/16 v1.1 Provides advanced setlength with multiple back
-ends (calc, etex, pgfmath)
)
(/usr/share/texmf-dist/tex/latex/adjustbox/trimclip.sty
Package: trimclip 2018/04/08 v1.1 Trim and clip general TeX material

(/usr/share/texmf-dist/tex/latex/collectbox/collectbox.sty
Package: collectbox 2012/05/17 v0.4b Collect macro arguments as boxes
\collectedbox=\box60
)
\tc@llx=\dimen158
\tc@lly=\dimen159
\tc@urx=\dimen160
\tc@ury=\dimen161
Package trimclip Info: Using driver 'tc-pdftex.def'.

(/usr/share/texmf-dist/tex/latex/adjustbox/tc-pdftex.def
File: tc-pdftex.def 2019/01/04 v2.2 Clipping driver for pdftex
))
\adjbox@Width=\dimen162
\adjbox@Height=\dimen163
\adjbox@Depth=\dimen164
\adjbox@Totalheight=\dimen165
\adjbox@pwidth=\dimen166
\adjbox@pheight=\dimen167
\adjbox@pdepth=\dimen168
\adjbox@ptotalheight=\dimen169

(/usr/share/texmf-dist/tex/latex/ifoddpage/ifoddpage.sty
Package: ifoddpage 2016/04/23 v1.1 Conditionals for odd/even page detection
\c@checkoddpage=\count152
)
(/usr/share/texmf-dist/tex/latex/varwidth/varwidth.sty
Package: varwidth 2009/03/30 ver 0.92;  Variable-width minipages
\@vwid@box=\box61
\sift@deathcycles=\count153
\@vwid@loff=\dimen170
\@vwid@roff=\dimen171
))
(/usr/share/texmf-dist/tex/latex/natbib/natbib.sty
Package: natbib 2010/09/13 8.31b (PWD, AO)
\bibhang=\skip68
\bibsep=\skip69
LaTeX Info: Redefining \cite on input line 694.
\c@NAT@ctr=\count154
)) (./pcf_conf_paper.aux)
\openout1 = `pcf_conf_paper.aux'.

LaTeX Font Info:    Checking defaults for OML/cmm/m/it on input line 5.
LaTeX Font Info:    ... okay on input line 5.
LaTeX Font Info:    Checking defaults for T1/cmr/m/n on input line 5.
LaTeX Font Info:    ... okay on input line 5.
LaTeX Font Info:    Checking defaults for OT1/cmr/m/n on input line 5.
LaTeX Font Info:    ... okay on input line 5.
LaTeX Font Info:    Checking defaults for OMS/cmsy/m/n on input line 5.
LaTeX Font Info:    ... okay on input line 5.
LaTeX Font Info:    Checking defaults for OMX/cmex/m/n on input line 5.
LaTeX Font Info:    ... okay on input line 5.
LaTeX Font Info:    Checking defaults for U/cmr/m/n on input line 5.
LaTeX Font Info:    ... okay on input line 5.
LaTeX Font Info:    Checking defaults for PD1/pdf/m/n on input line 5.
LaTeX Font Info:    ... okay on input line 5.

(/usr/share/texmf-dist/tex/context/base/mkii/supp-pdf.mkii
[Loading MPS to PDF converter (version 2006.09.02).]
\scratchcounter=\count155
\scratchdimen=\dimen172
\scratchbox=\box62
\nofMPsegments=\count156
\nofMParguments=\count157
\everyMPshowfont=\toks29
\MPscratchCnt=\count158
\MPscratchDim=\dimen173
\MPnumerator=\count159
\makeMPintoPDFobject=\count160
\everyMPtoPDFconversion=\toks30
)
\AtBeginShipoutBox=\box63
Package hyperref Info: Link coloring ON on input line 5.
 (/usr/share/texmf-dist/tex/latex/hyperref/nameref.sty
Package: nameref 2019/09/16 v2.46 Cross-referencing by name of section

(/usr/share/texmf-dist/tex/generic/oberdiek/gettitlestring.sty
Package: gettitlestring 2016/05/16 v1.5 Cleanup title references (HO)
)
\c@section@level=\count161
)
LaTeX Info: Redefining \ref on input line 5.
LaTeX Info: Redefining \pageref on input line 5.
LaTeX Info: Redefining \nameref on input line 5.

(./pcf_conf_paper.out) (./pcf_conf_paper.out)
\@outlinefile=\write3
\openout3 = `pcf_conf_paper.out'.


*geometry* driver: auto-detecting
*geometry* detected driver: pdftex
*geometry* verbose mode - [ preamble ] result:
* driver: pdftex
* paper: letterpaper
* layout: <same size as paper>
* layoutoffset:(h,v)=(0.0pt,0.0pt)
* modes: 
* h-part:(L,W,R)=(65.44142pt, 483.41216pt, 65.44142pt)
* v-part:(T,H,B)=(56.9055pt, 681.15898pt, 56.9055pt)
* \paperwidth=614.295pt
* \paperheight=794.96999pt
* \textwidth=483.41216pt
* \textheight=681.15898pt
* \oddsidemargin=-6.82857pt
* \evensidemargin=-6.82857pt
* \topmargin=-41.59085pt
* \headheight=12.0pt
* \headsep=14.22636pt
* \topskip=10.0pt
* \footskip=28.45274pt
* \marginparwidth=65.0pt
* \marginparsep=11.0pt
* \columnsep=10.0pt
* \skip\footins=9.0pt plus 4.0pt minus 2.0pt
* \hoffset=0.0pt
* \voffset=0.0pt
* \mag=1000
* \@twocolumnfalse
* \@twosidefalse
* \@mparswitchfalse
* \@reversemarginfalse
* (1in=72.27pt=25.4mm, 1cm=28.453pt)

Package caption Info: Begin \AtBeginDocument code.
Package caption Info: float package is loaded.
Package caption Info: rotating package is loaded.
Package caption Info: End \AtBeginDocument code.
(./body/02abstract.tex
LaTeX Font Info:    Trying to load font information for U+zeur on input line 8.

 (/usr/share/texmf-dist/tex/latex/eulervm/uzeur.fd
File: uzeur.fd 2005/01/11 v4.0 (WaS)
)
LaTeX Font Info:    Trying to load font information for U+zeus on input line 8.


(/usr/share/texmf-dist/tex/latex/eulervm/uzeus.fd
File: uzeus.fd 2005/01/11 v4.0 (WaS)
)
LaTeX Font Info:    Trying to load font information for U+zeuex on input line 8
.

(/usr/share/texmf-dist/tex/latex/eulervm/uzeuex.fd
File: uzeuex.fd 2005/01/11 v4.0 (WaS)
)
LaTeX Font Info:    Trying to load font information for U+esint on input line 8
.

(/usr/share/texmf-dist/tex/latex/esint/uesint.fd
File: uesint.fd 
)) (./body/03intro.tex [1

{/var/lib/texmf/fonts/map/pdftex/updmap/pdftex.map}]) (./body/04numerical.tex
[2]
<Imagenes/05/hov_dom1_edit.jpg, id=69, 885.3075pt x 887.88857pt>
File: Imagenes/05/hov_dom1_edit.jpg Graphic file (type jpg)
<use Imagenes/05/hov_dom1_edit.jpg>
Package pdftex.def Info: Imagenes/05/hov_dom1_edit.jpg  used on input line 30.
(pdftex.def)             Requested size: 112.72708pt x 113.81102pt.
<Imagenes/05/hov_dom2_edit.jpg, id=71, 861.2175pt x 861.2175pt>
File: Imagenes/05/hov_dom2_edit.jpg Graphic file (type jpg)
<use Imagenes/05/hov_dom2_edit.jpg>
Package pdftex.def Info: Imagenes/05/hov_dom2_edit.jpg  used on input line 31.
(pdftex.def)             Requested size: 113.03305pt x 113.81102pt.
<Imagenes/06/hov/eta1_V.pdf, id=73, page=55, 614.295pt x 794.97pt>
File: Imagenes/06/hov/eta1_V.pdf Graphic file (type pdf)
<use Imagenes/06/hov/eta1_V.pdf, page 55>
Package pdftex.def Info: Imagenes/06/hov/eta1_V.pdf , page55 used on input line
 32.
(pdftex.def)             Requested size: 118.05388pt x 113.81102pt.
 [3 <./Imagenes/05/hov_dom1_edit.jpg> <./Imagenes/05/hov_dom2_edit.jpg> <./Imag
enes/06/hov/eta1_V.pdf>]
<Imagenes/05/hd_mesh_50.png, id=127, 1027.84pt x 1027.84pt>
File: Imagenes/05/hd_mesh_50.png Graphic file (type png)
<use Imagenes/05/hd_mesh_50.png>
Package pdftex.def Info: Imagenes/05/hd_mesh_50.png  used on input line 43.
(pdftex.def)             Requested size: 115.3996pt x 113.81102pt.
<Imagenes/05/bol_control_point.pdf, id=129, page=1, 614.295pt x 794.97pt>
File: Imagenes/05/bol_control_point.pdf Graphic file (type pdf)
<use Imagenes/05/bol_control_point.pdf, page 1>
Package pdftex.def Info: Imagenes/05/bol_control_point.pdf , page1 used on inpu
t line 44.
(pdftex.def)             Requested size: 133.63431pt x 113.81102pt.
<Imagenes/06/bol/eta1.pdf, id=131, page=109, 794.97pt x 614.295pt>
File: Imagenes/06/bol/eta1.pdf Graphic file (type pdf)
<use Imagenes/06/bol/eta1.pdf, page 109>
Package pdftex.def Info: Imagenes/06/bol/eta1.pdf , page109 used on input line 
45.
(pdftex.def)             Requested size: 137.07164pt x 113.81102pt.
 [4 <./Imagenes/05/hd_mesh_50.png> <./Imagenes/05/bol_control_point.pdf> <./Ima
genes/06/bol/eta1.pdf, page is rotated 270 degrees>]) (./body/05results.tex
<Imagenes/06/hov/9u.pdf, id=159, page=37, 614.295pt x 794.97pt>
File: Imagenes/06/hov/9u.pdf Graphic file (type pdf)
<use Imagenes/06/hov/9u.pdf, page 37>
Package pdftex.def Info: Imagenes/06/hov/9u.pdf , page37 used on input line 5.
(pdftex.def)             Requested size: 126.8102pt x 156.49014pt.
<Imagenes/06/hov/9v.pdf, id=161, page=37, 614.295pt x 794.97pt>
File: Imagenes/06/hov/9v.pdf Graphic file (type pdf)
<use Imagenes/06/hov/9v.pdf, page 37>
Package pdftex.def Info: Imagenes/06/hov/9v.pdf , page37 used on input line 6.
(pdftex.def)             Requested size: 103.61737pt x 156.49014pt.
<Imagenes/06/hov/9vv.pdf, id=163, page=37, 614.295pt x 794.97pt>
File: Imagenes/06/hov/9vv.pdf Graphic file (type pdf)
<use Imagenes/06/hov/9vv.pdf, page 37>
Package pdftex.def Info: Imagenes/06/hov/9vv.pdf , page37 used on input line 7.

(pdftex.def)             Requested size: 130.90305pt x 156.49014pt.
<Imagenes/06/bol/speedup.pdf, id=165, page=37, 794.97pt x 614.295pt>
File: Imagenes/06/bol/speedup.pdf Graphic file (type pdf)
<use Imagenes/06/bol/speedup.pdf, page 37>
Package pdftex.def Info: Imagenes/06/bol/speedup.pdf , page37 used on input lin
e 13.
(pdftex.def)             Requested size: 435.06798pt x 92.4758pt.
<Imagenes/06/bol/cross_height.pdf, id=167, 1032.71759pt x 1003.75pt>
File: Imagenes/06/bol/cross_height.pdf Graphic file (type pdf)
<use Imagenes/06/bol/cross_height.pdf>
Package pdftex.def Info: Imagenes/06/bol/cross_height.pdf  used on input line 1
4.
(pdftex.def)             Requested size: 435.06798pt x 56.81834pt.
<Imagenes/06/hov/ts_v.pdf, id=173, 794.97pt x 614.295pt>
File: Imagenes/06/hov/ts_v.pdf Graphic file (type pdf)
<use Imagenes/06/hov/ts_v.pdf>
Package pdftex.def Info: Imagenes/06/hov/ts_v.pdf  used on input line 23.
(pdftex.def)             Requested size: 241.70607pt x 83.728pt.
<Imagenes/06/hov_da/ts_v.pdf, id=175, 794.97pt x 614.295pt>
File: Imagenes/06/hov_da/ts_v.pdf Graphic file (type pdf)
<use Imagenes/06/hov_da/ts_v.pdf>
Package pdftex.def Info: Imagenes/06/hov_da/ts_v.pdf  used on input line 24.
(pdftex.def)             Requested size: 241.70607pt x 83.728pt.
<Imagenes/06/hov/ts_o.pdf, id=177, 794.97pt x 614.295pt>
File: Imagenes/06/hov/ts_o.pdf Graphic file (type pdf)
<use Imagenes/06/hov/ts_o.pdf>
Package pdftex.def Info: Imagenes/06/hov/ts_o.pdf  used on input line 26.
(pdftex.def)             Requested size: 241.70607pt x 106.01657pt.
<Imagenes/06/hov_da/ts_o.pdf, id=179, 794.97pt x 614.295pt>
File: Imagenes/06/hov_da/ts_o.pdf Graphic file (type pdf)
<use Imagenes/06/hov_da/ts_o.pdf>
Package pdftex.def Info: Imagenes/06/hov_da/ts_o.pdf  used on input line 27.
(pdftex.def)             Requested size: 241.70607pt x 106.01657pt.
<Imagenes/06/bol/ts_interpol_compare.pdf, id=181, page=3, 794.97pt x 614.295pt>

File: Imagenes/06/bol/ts_interpol_compare.pdf Graphic file (type pdf)
<use Imagenes/06/bol/ts_interpol_compare.pdf, page 3>
Package pdftex.def Info: Imagenes/06/bol/ts_interpol_compare.pdf , page3 used o
n input line 33.
(pdftex.def)             Requested size: 241.70607pt x 85.5702pt.
<Imagenes/06/bol_da/ts_interpol_compare.pdf, id=183, page=3, 794.97pt x 614.295
pt>
File: Imagenes/06/bol_da/ts_interpol_compare.pdf Graphic file (type pdf)
<use Imagenes/06/bol_da/ts_interpol_compare.pdf, page 3>
Package pdftex.def Info: Imagenes/06/bol_da/ts_interpol_compare.pdf , page3 use
d on input line 34.
(pdftex.def)             Requested size: 241.70607pt x 85.5702pt.
<Imagenes/06/bol/ts_interpol_compare_o.pdf, id=185, page=3, 794.97pt x 614.295p
t>
File: Imagenes/06/bol/ts_interpol_compare_o.pdf Graphic file (type pdf)
<use Imagenes/06/bol/ts_interpol_compare_o.pdf, page 3>
Package pdftex.def Info: Imagenes/06/bol/ts_interpol_compare_o.pdf , page3 used
 on input line 36.
(pdftex.def)             Requested size: 241.70607pt x 106.01657pt.
<Imagenes/06/bol_da/ts_interpol_compare_o.pdf, id=187, page=3, 794.97pt x 614.2
95pt>
File: Imagenes/06/bol_da/ts_interpol_compare_o.pdf Graphic file (type pdf)
<use Imagenes/06/bol_da/ts_interpol_compare_o.pdf, page 3>
Package pdftex.def Info: Imagenes/06/bol_da/ts_interpol_compare_o.pdf , page3 u
sed on input line 37.
(pdftex.def)             Requested size: 241.70607pt x 106.01657pt.
 [5 <./Imagenes/06/hov/9u.pdf> <./Imagenes/06/hov/9v.pdf> <./Imagenes/06/hov/9v
v.pdf> <./Imagenes/06/bol/speedup.pdf, page is rotated 270 degrees> <./Imagenes
/06/bol/cross_height.pdf, page is rotated 90 degrees>]
[6 <./Imagenes/06/hov/ts_v.pdf, page is rotated 270 degrees> <./Imagenes/06/hov
_da/ts_v.pdf, page is rotated 270 degrees> <./Imagenes/06/hov/ts_o.pdf, page is
 rotated 270 degrees> <./Imagenes/06/hov_da/ts_o.pdf, page is rotated 270 degre
es> <./Imagenes/06/bol/ts_interpol_compare.pdf, page is rotated 270 degrees> <.
/Imagenes/06/bol_da/ts_interpol_compare.pdf, page is rotated 270 degrees> <./Im
agenes/06/bol/ts_interpol_compare_o.pdf, page is rotated 270 degrees> <./Imagen
es/06/bol_da/ts_interpol_compare_o.pdf, page is rotated 270 degrees>]
LaTeX Font Info:    Trying to load font information for OMS+cmr on input line 6
0.

(/usr/share/texmf-dist/tex/latex/base/omscmr.fd
File: omscmr.fd 2014/09/29 v2.5h Standard LaTeX font definitions
)
LaTeX Font Info:    Font shape `OMS/cmr/m/n' in size <10> not available
(Font)              Font shape `OMS/cmsy/m/n' tried instead on input line 60.
)
(./body/06acknowledgements.tex) (./pcf_conf_paper.bbl [7])
Package atveryend Info: Empty hook `BeforeClearDocument' on input line 18.
 [8]
Package atveryend Info: Empty hook `AfterLastShipout' on input line 18.

(./pcf_conf_paper.aux)
Package atveryend Info: Executing hook `AtVeryEndDocument' on input line 18.
Package atveryend Info: Executing hook `AtEndAfterFileList' on input line 18.
Package rerunfilecheck Info: File `pcf_conf_paper.out' has not changed.
(rerunfilecheck)             Checksum: 8F3ADAA20F13B521F544E6454873BB77;475.
Package atveryend Info: Empty hook `AtVeryVeryEnd' on input line 18.
 ) 
Here is how much of TeX's memory you used:
 10443 strings out of 492167
 157031 string characters out of 6131558
 282497 words of memory out of 5000000
 14525 multiletter control sequences out of 15000+600000
 10818 words of font info for 42 fonts, out of 8000000 for 9000
 1141 hyphenation exceptions out of 8191
 51i,10n,79p,2793b,447s stack positions out of 5000i,500n,10000p,200000b,80000s
</usr/share/texmf-dist/fonts/type1/public/amsfonts/cm/cmbx10.pfb></usr/share/
texmf-dist/fonts/type1/public/amsfonts/cm/cmbx12.pfb></usr/share/texmf-dist/fon
ts/type1/public/amsfonts/cm/cmex10.pfb></usr/share/texmf-dist/fonts/type1/publi
c/amsfonts/cm/cmr10.pfb></usr/share/texmf-dist/fonts/type1/public/amsfonts/cm/c
mr5.pfb></usr/share/texmf-dist/fonts/type1/public/amsfonts/cm/cmr7.pfb></usr/sh
are/texmf-dist/fonts/type1/public/amsfonts/cm/cmsy10.pfb></usr/share/texmf-dist
/fonts/type1/public/amsfonts/cm/cmsy7.pfb></usr/share/texmf-dist/fonts/type1/pu
blic/amsfonts/cm/cmti10.pfb></usr/share/texmf-dist/fonts/type1/public/amsfonts/
euler/euex10.pfb></usr/share/texmf-dist/fonts/type1/public/amsfonts/euler/eufm1
0.pfb></usr/share/texmf-dist/fonts/type1/public/amsfonts/euler/eufm7.pfb></usr/
share/texmf-dist/fonts/type1/public/amsfonts/euler/eurm10.pfb></usr/share/texmf
-dist/fonts/type1/public/amsfonts/euler/eurm7.pfb></usr/share/texmf-dist/fonts/
type1/public/amsfonts/euler/eusm10.pfb></usr/share/texmf-dist/fonts/type1/publi
c/amsfonts/symbols/msam10.pfb>
Output written on pcf_conf_paper.pdf (8 pages, 11644905 bytes).
PDF statistics:
 323 PDF objects out of 1000 (max. 8388607)
 254 compressed objects within 3 object streams
 45 named destinations out of 1000 (max. 500000)
 266 words of extra memory for PDF output out of 10000 (max. 10000000)

